#
# A fatal error has been detected by the Java Runtime Environment:
#
#  EXCEPTION_ACCESS_VIOLATION (0xc0000005) at pc=0x0000000073f7c0ea, pid=7916, tid=0x0000000000001db0
#
# JRE version: Java(TM) SE Runtime Environment (8.0_241-b07) (build 1.8.0_241-b07)
# Java VM: Java HotSpot(TM) 64-Bit Server VM (25.241-b07 mixed mode windows-amd64 compressed oops)
# Problematic frame:
# V  [jvm.dll+0x13c0ea]
#
# Failed to write core dump. Minidumps are not enabled by default on client versions of Windows
#
# If you would like to submit a bug report, please visit:
#   http://bugreport.java.com/bugreport/crash.jsp
#

---------------  T H R E A D  ---------------

Current thread (0x00000000020d8800):  JavaThread "main" [_thread_in_vm, id=7600, stack(0x0000000002530000,0x0000000002630000)]

siginfo: ExceptionCode=0xc0000005, reading address 0xffffffffffffffff

Registers:
RAX=0x0000000000000000, RBX=0x000000000226f7f0, RCX=0x06e6594b00bbb20a, RDX=0x06e6594b00bbb20a
RSP=0x000000000262f2a0, RBP=0x000000000226f8e0, RSI=0x000000000226f8d0, RDI=0x0000000002120c30
R8 =0x000000000011008f, R9 =0x000000000262f5b0, R10=0x0000000000000000, R11=0x0000000056e200f8
R12=0x000000000226fcb8, R13=0x00000000020d8800, R14=0x00000000000003d8, R15=0x06e6594b00bbb20a
RIP=0x0000000073f7c0ea, EFLAGS=0x0000000000010206

Top of Stack: (sp=0x000000000262f2a0)
0x000000000262f2a0:   0000000016ea6dd8 06e6594b00bbb20a
0x000000000262f2b0:   000000000011008f 0000000016ea6dd8
0x000000000262f2c0:   0000000002120c30 0000000073effd19
0x000000000262f2d0:   000000000226f7f0 00000000020d8801
0x000000000262f2e0:   000000000262f500 00000000577afe50
0x000000000262f2f0:   000000000226daa0 00000000740587a5
0x000000000262f300:   000000000226daa0 000007fefa9ba4f0
0x000000000262f310:   000000000011008f 0000000059156ea8
0x000000000262f320:   0000000059156ea8 0000000073f4a5c3
0x000000000262f330:   0000000059156ea8 000007fefa9a263b
0x000000000262f340:   0000000000000001 00000000020d89f8
0x000000000262f350:   000000007442f1bc 00000000020d8800
0x000000000262f360:   00000000020d7dd0 00000000020d8800
0x000000000262f370:   000000005725ebb8 0000000073ede07b
0x000000000262f380:   0000000016ea6dd8 00000000020d8800
0x000000000262f390:   0000000000000001 000000005725ebb8 

Instructions: (pc=0x0000000073f7c0ea)
0x0000000073f7c0ca:   ff ca 88 41 ff 75 ef 43 c6 04 10 00 49 8b c2 c3
0x0000000073f7c0da:   cc cc cc cc cc cc 48 89 5c 24 08 57 48 83 ec 20
0x0000000073f7c0ea:   0f b7 39 48 8b d9 33 d2 ff c7 48 63 cf e8 e4 1b
0x0000000073f7c0fa:   fb ff 4c 8b d8 85 ff 7e 45 44 0f b7 03 8d 57 ff 


Register to memory mapping:

RAX=0x0000000000000000 is an unknown value
RBX=0x000000000226f7f0 is an unknown value
RCX=0x06e6594b00bbb20a is an unknown value
RDX=0x06e6594b00bbb20a is an unknown value
RSP=0x000000000262f2a0 is pointing into the stack for thread: 0x00000000020d8800
RBP=0x000000000226f8e0 is an unknown value
RSI=0x000000000226f8d0 is an unknown value
RDI=0x0000000002120c30 is an unknown value
R8 =0x000000000011008f is an unknown value
R9 =0x000000000262f5b0 is pointing into the stack for thread: 0x00000000020d8800
R10=0x0000000000000000 is an unknown value
R11=0x0000000056e200f8 is pointing into metadata
R12=0x000000000226fcb8 is an unknown value
R13=0x00000000020d8800 is a thread
R14=0x00000000000003d8 is an unknown value
R15=0x06e6594b00bbb20a is an unknown value


Stack: [0x0000000002530000,0x0000000002630000],  sp=0x000000000262f2a0,  free space=1020k
Native frames: (J=compiled Java code, j=interpreted, Vv=VM code, C=native code)
V  [jvm.dll+0x13c0ea]
V  [jvm.dll+0xbfd19]
V  [jvm.dll+0xc15b2]
V  [jvm.dll+0xbad40]
C  0x0000000002a31b28

Java frames: (J=compiled Java code, j=interpreted, Vv=VM code)
j  com.cts.selenium.AutomationPractice1.main([Ljava/lang/String;)V+159
v  ~StubRoutines::call_stub

---------------  P R O C E S S  ---------------

Java Threads: ( => current thread )
  0x000000005c1ce800 JavaThread "Okio Watchdog" daemon [_thread_blocked, id=9880, stack(0x000000005e850000,0x000000005e950000)]
  0x000000005a57f000 JavaThread "OkHttp ConnectionPool" daemon [_thread_blocked, id=8980, stack(0x000000005e200000,0x000000005e300000)]
  0x000000005d429800 JavaThread "Exec Stream Pumper" daemon [_thread_in_native, id=5392, stack(0x000000005e6c0000,0x000000005e7c0000)]
  0x000000005c746800 JavaThread "Exec Stream Pumper" daemon [_thread_in_native, id=9720, stack(0x0000000059940000,0x0000000059a40000)]
  0x000000005d253000 JavaThread "Exec Default Executor" daemon [_thread_in_native, id=5944, stack(0x000000005e360000,0x000000005e460000)]
  0x0000000059089000 JavaThread "Service Thread" daemon [_thread_blocked, id=6868, stack(0x0000000059ee0000,0x0000000059fe0000)]
  0x000000005900d000 JavaThread "C1 CompilerThread2" daemon [_thread_blocked, id=8596, stack(0x0000000059dc0000,0x0000000059ec0000)]
  0x0000000058fab800 JavaThread "C2 CompilerThread1" daemon [_thread_blocked, id=5032, stack(0x0000000059c80000,0x0000000059d80000)]
  0x00000000590d1800 JavaThread "C2 CompilerThread0" daemon [_thread_blocked, id=8528, stack(0x0000000059a90000,0x0000000059b90000)]
  0x0000000058ebe800 JavaThread "JDWP Command Reader" daemon [_thread_in_native, id=8696, stack(0x0000000059840000,0x0000000059940000)]
  0x0000000058ebd000 JavaThread "JDWP Event Helper Thread" daemon [_thread_blocked, id=8352, stack(0x00000000595d0000,0x00000000596d0000)]
  0x0000000058eb2800 JavaThread "JDWP Transport Listener: dt_socket" daemon [_thread_blocked, id=7864, stack(0x00000000596f0000,0x00000000597f0000)]
  0x0000000057818800 JavaThread "Attach Listener" daemon [_thread_blocked, id=4128, stack(0x0000000058db0000,0x0000000058eb0000)]
  0x0000000057815800 JavaThread "Signal Dispatcher" daemon [_thread_blocked, id=8664, stack(0x0000000058780000,0x0000000058880000)]
  0x00000000577fb800 JavaThread "Finalizer" daemon [_thread_blocked, id=5428, stack(0x0000000058c90000,0x0000000058d90000)]
  0x00000000577b4800 JavaThread "Reference Handler" daemon [_thread_blocked, id=8076, stack(0x0000000058a90000,0x0000000058b90000)]
=>0x00000000020d8800 JavaThread "main" [_thread_in_vm, id=7600, stack(0x0000000002530000,0x0000000002630000)]

Other Threads:
  0x00000000577ad000 VMThread [stack: 0x00000000588d0000,0x00000000589d0000] [id=8208]
  0x0000000059089800 WatcherThread [stack: 0x000000005a050000,0x000000005a150000] [id=6892]

VM state:not at safepoint (normal execution)

VM Mutex/Monitor currently owned by a thread: None

heap address: 0x0000000081c00000, size: 2020 MB, Compressed Oops mode: 32-bit
Narrow klass base: 0x0000000000000000, Narrow klass shift: 0
Compressed class space size: 1073741824 Address: 0x0000000016e20000

Heap:
 PSYoungGen      total 71680K, used 21656K [0x00000000d5f00000, 0x00000000daa00000, 0x0000000100000000)
  eden space 66560K, 24% used [0x00000000d5f00000,0x00000000d6f2e248,0x00000000da000000)
  from space 5120K, 99% used [0x00000000da500000,0x00000000da9f81b0,0x00000000daa00000)
  to   space 5120K, 0% used [0x00000000da000000,0x00000000da000000,0x00000000da500000)
 ParOldGen       total 87552K, used 416K [0x0000000081c00000, 0x0000000087180000, 0x00000000d5f00000)
  object space 87552K, 0% used [0x0000000081c00000,0x0000000081c681c8,0x0000000087180000)
 Metaspace       used 14023K, capacity 14726K, committed 14976K, reserved 1062912K
  class space    used 1730K, capacity 1913K, committed 1920K, reserved 1048576K

Card table byte_map: [0x0000000011dc0000,0x00000000121c0000] byte_map_base: 0x00000000119b2000

Marking Bits: (ParMarkBitMap*) 0x000000007466be30
 Begin Bits: [0x0000000012b00000, 0x0000000014a90000)
 End Bits:   [0x0000000014a90000, 0x0000000016a20000)

Polling page: 0x00000000005b0000

CodeCache: size=245760Kb used=6487Kb max_used=6503Kb free=239272Kb
 bounds [0x0000000002a00000, 0x0000000003060000, 0x0000000011a00000]
 total_blobs=1991 nmethods=1598 adapters=313
 compilation: enabled

Compilation events (10 events):
Event: 13.699 Thread 0x000000005900d000 1595       3       java.util.stream.ReferencePipeline$StatelessOp::<init> (29 bytes)
Event: 13.699 Thread 0x000000005900d000 nmethod 1595 0x0000000003053f50 code [0x00000000030540c0, 0x00000000030542e8]
Event: 13.720 Thread 0x000000005900d000 1599       3       java.util.Arrays::binarySearch0 (72 bytes)
Event: 13.720 Thread 0x000000005900d000 nmethod 1599 0x0000000003056190 code [0x0000000003056300, 0x00000000030565b0]
Event: 13.720 Thread 0x000000005900d000 1597       3       com.google.common.base.CharMatcher$AnyOf::matches (17 bytes)
Event: 13.720 Thread 0x000000005900d000 nmethod 1597 0x0000000003056710 code [0x0000000003056880, 0x0000000003056ae8]
Event: 13.720 Thread 0x000000005900d000 1598       3       java.util.Arrays::binarySearch (9 bytes)
Event: 13.720 Thread 0x000000005900d000 nmethod 1598 0x0000000003053b10 code [0x0000000003053c80, 0x0000000003053e08]
Event: 157.296 Thread 0x0000000058fab800 1600       4       org.eclipse.jdt.launching.internal.org.objectweb.asm.ByteVector::encodeUTF8 (335 bytes)
Event: 157.337 Thread 0x0000000058fab800 nmethod 1600 0x000000000305ab50 code [0x000000000305ace0, 0x000000000305bff8]

GC Heap History (4 events):
Event: 1.943 GC heap before
{Heap before GC invocations=1 (full 0):
 PSYoungGen      total 38400K, used 33280K [0x00000000d5f00000, 0x00000000d8980000, 0x0000000100000000)
  eden space 33280K, 100% used [0x00000000d5f00000,0x00000000d7f80000,0x00000000d7f80000)
  from space 5120K, 0% used [0x00000000d8480000,0x00000000d8480000,0x00000000d8980000)
  to   space 5120K, 0% used [0x00000000d7f80000,0x00000000d7f80000,0x00000000d8480000)
 ParOldGen       total 87552K, used 0K [0x0000000081c00000, 0x0000000087180000, 0x00000000d5f00000)
  object space 87552K, 0% used [0x0000000081c00000,0x0000000081c00000,0x0000000087180000)
 Metaspace       used 9360K, capacity 9586K, committed 9728K, reserved 1058816K
  class space    used 1057K, capacity 1163K, committed 1280K, reserved 1048576K
Event: 1.966 GC heap after
Heap after GC invocations=1 (full 0):
 PSYoungGen      total 38400K, used 4309K [0x00000000d5f00000, 0x00000000daa00000, 0x0000000100000000)
  eden space 33280K, 0% used [0x00000000d5f00000,0x00000000d5f00000,0x00000000d7f80000)
  from space 5120K, 84% used [0x00000000d7f80000,0x00000000d83b55f0,0x00000000d8480000)
  to   space 5120K, 0% used [0x00000000da500000,0x00000000da500000,0x00000000daa00000)
 ParOldGen       total 87552K, used 16K [0x0000000081c00000, 0x0000000087180000, 0x00000000d5f00000)
  object space 87552K, 0% used [0x0000000081c00000,0x0000000081c04000,0x0000000087180000)
 Metaspace       used 9360K, capacity 9586K, committed 9728K, reserved 1058816K
  class space    used 1057K, capacity 1163K, committed 1280K, reserved 1048576K
}
Event: 3.175 GC heap before
{Heap before GC invocations=2 (full 0):
 PSYoungGen      total 38400K, used 37589K [0x00000000d5f00000, 0x00000000daa00000, 0x0000000100000000)
  eden space 33280K, 100% used [0x00000000d5f00000,0x00000000d7f80000,0x00000000d7f80000)
  from space 5120K, 84% used [0x00000000d7f80000,0x00000000d83b55f0,0x00000000d8480000)
  to   space 5120K, 0% used [0x00000000da500000,0x00000000da500000,0x00000000daa00000)
 ParOldGen       total 87552K, used 16K [0x0000000081c00000, 0x0000000087180000, 0x00000000d5f00000)
  object space 87552K, 0% used [0x0000000081c00000,0x0000000081c04000,0x0000000087180000)
 Metaspace       used 13148K, capacity 13862K, committed 14208K, reserved 1060864K
  class space    used 1613K, capacity 1803K, committed 1920K, reserved 1048576K
Event: 3.201 GC heap after
Heap after GC invocations=2 (full 0):
 PSYoungGen      total 71680K, used 5088K [0x00000000d5f00000, 0x00000000daa00000, 0x0000000100000000)
  eden space 66560K, 0% used [0x00000000d5f00000,0x00000000d5f00000,0x00000000da000000)
  from space 5120K, 99% used [0x00000000da500000,0x00000000da9f81b0,0x00000000daa00000)
  to   space 5120K, 0% used [0x00000000da000000,0x00000000da000000,0x00000000da500000)
 ParOldGen       total 87552K, used 416K [0x0000000081c00000, 0x0000000087180000, 0x00000000d5f00000)
  object space 87552K, 0% used [0x0000000081c00000,0x0000000081c681c8,0x0000000087180000)
 Metaspace       used 13148K, capacity 13862K, committed 14208K, reserved 1060864K
  class space    used 1613K, capacity 1803K, committed 1920K, reserved 1048576K
}

Deoptimization events (10 events):
Event: 3.019 Thread 0x00000000020d8800 Uncommon trap: reason=class_check action=maybe_recompile pc=0x0000000002def884 method=java.util.regex.Pattern$Curly.match(Ljava/util/regex/Matcher;ILjava/lang/CharSequence;)Z @ 19
Event: 3.019 Thread 0x00000000020d8800 Uncommon trap: reason=class_check action=maybe_recompile pc=0x0000000002def884 method=java.util.regex.Pattern$Curly.match(Ljava/util/regex/Matcher;ILjava/lang/CharSequence;)Z @ 19
Event: 3.061 Thread 0x00000000020d8800 Uncommon trap: reason=unstable_if action=reinterpret pc=0x0000000002c955a8 method=org.eclipse.jdt.launching.internal.org.objectweb.asm.ByteVector.putUTF8(Ljava/lang/String;)Lorg/eclipse/jdt/launching/internal/org/objectweb/asm/ByteVector; @ 91
Event: 3.061 Thread 0x00000000020d8800 Uncommon trap: reason=unstable_if action=reinterpret pc=0x0000000002e86450 method=org.eclipse.jdt.launching.internal.org.objectweb.asm.ByteVector.encodeUTF8(Ljava/lang/String;II)Lorg/eclipse/jdt/launching/internal/org/objectweb/asm/ByteVector; @ 30
Event: 3.062 Thread 0x00000000020d8800 Uncommon trap: reason=unstable_if action=reinterpret pc=0x0000000002ccf198 method=org.eclipse.jdt.launching.internal.org.objectweb.asm.ByteVector.putUTF8(Ljava/lang/String;)Lorg/eclipse/jdt/launching/internal/org/objectweb/asm/ByteVector; @ 91
Event: 3.062 Thread 0x00000000020d8800 Uncommon trap: reason=unstable_if action=reinterpret pc=0x0000000002b5e35c method=org.eclipse.jdt.launching.internal.org.objectweb.asm.ByteVector.putUTF8(Ljava/lang/String;)Lorg/eclipse/jdt/launching/internal/org/objectweb/asm/ByteVector; @ 98
Event: 3.111 Thread 0x00000000020d8800 Uncommon trap: reason=unstable_if action=reinterpret pc=0x0000000002e9ad60 method=java.util.regex.Pattern$BmpCharProperty.match(Ljava/util/regex/Matcher;ILjava/lang/CharSequence;)Z @ 34
Event: 5.094 Thread 0x00000000020d8800 Uncommon trap: reason=class_check action=maybe_recompile pc=0x0000000002e7a690 method=java.util.HashMap.putVal(ILjava/lang/Object;Ljava/lang/Object;ZZ)Ljava/lang/Object; @ 91
Event: 13.676 Thread 0x00000000020d8800 Uncommon trap: reason=class_check action=maybe_recompile pc=0x000000000304af90 method=com.google.common.collect.RegularImmutableMap.get(Ljava/lang/Object;[Lcom/google/common/collect/ImmutableMapEntry;I)Ljava/lang/Object; @ 11
Event: 13.678 Thread 0x00000000020d8800 Uncommon trap: reason=class_check action=maybe_recompile pc=0x000000000304af90 method=com.google.common.collect.RegularImmutableMap.get(Ljava/lang/Object;[Lcom/google/common/collect/ImmutableMapEntry;I)Ljava/lang/Object; @ 11

Classes redefined (2 events):
Event: 157.333 Thread 0x00000000577ad000 redefined class name=com.cts.selenium.AutomationPractice1, count=1
Event: 288.504 Thread 0x00000000577ad000 redefined class name=com.cts.selenium.AutomationPractice1, count=2

Internal exceptions (10 events):
Event: 2.723 Thread 0x00000000020d8800 Exception <a 'java/lang/ArrayIndexOutOfBoundsException'> (0x00000000d69eefd0) thrown at [C:\ade\jenkins\workspace\8-2-build-windows-amd64-cygwin\jdk8u241\331\hotspot\src\share\vm\runtime\sharedRuntime.cpp, line 605]
Event: 2.726 Thread 0x00000000020d8800 Exception <a 'java/lang/ArrayIndexOutOfBoundsException'> (0x00000000d69f5c80) thrown at [C:\ade\jenkins\workspace\8-2-build-windows-amd64-cygwin\jdk8u241\331\hotspot\src\share\vm\runtime\sharedRuntime.cpp, line 605]
Event: 2.727 Thread 0x00000000020d8800 Exception <a 'java/lang/ArrayIndexOutOfBoundsException'> (0x00000000d69fbd20) thrown at [C:\ade\jenkins\workspace\8-2-build-windows-amd64-cygwin\jdk8u241\331\hotspot\src\share\vm\runtime\sharedRuntime.cpp, line 605]
Event: 2.873 Thread 0x00000000020d8800 Exception <a 'java/lang/NoSuchMethodError': java.lang.Object.lambda$chars$0()Ljava/util/Spliterator$OfInt;> (0x00000000d6dd8228) thrown at [C:\ade\jenkins\workspace\8-2-build-windows-amd64-cygwin\jdk8u241\331\hotspot\src\share\vm\interpreter\linkResolver.
Event: 5.073 Thread 0x00000000020d8800 Exception <a 'java/lang/NoSuchMethodError': java.lang.Object.lambda$getResponseFunction$0(Lorg/openqa/selenium/remote/InitialHandshakeResponse;)Lorg/openqa/selenium/remote/ProtocolHandshake$Result;> (0x00000000d6251ee0) thrown at [C:\ade\jenkins\workspace
Event: 5.142 Thread 0x00000000020d8800 Exception <a 'java/net/SocketTimeoutException': Read timed out> (0x00000000d6523050) thrown at [C:\ade\jenkins\workspace\8-2-build-windows-amd64-cygwin\jdk8u241\331\hotspot\src\share\vm\prims\jni.cpp, line 736]
Event: 12.301 Thread 0x00000000020d8800 Exception <a 'java/net/SocketTimeoutException': Read timed out> (0x00000000d6575fc8) thrown at [C:\ade\jenkins\workspace\8-2-build-windows-amd64-cygwin\jdk8u241\331\hotspot\src\share\vm\prims\jni.cpp, line 736]
Event: 13.526 Thread 0x00000000020d8800 Exception <a 'java/net/SocketTimeoutException': Read timed out> (0x00000000d65e6118) thrown at [C:\ade\jenkins\workspace\8-2-build-windows-amd64-cygwin\jdk8u241\331\hotspot\src\share\vm\prims\jni.cpp, line 736]
Event: 13.645 Thread 0x00000000020d8800 Exception <a 'java/net/SocketTimeoutException': Read timed out> (0x00000000d6e213a0) thrown at [C:\ade\jenkins\workspace\8-2-build-windows-amd64-cygwin\jdk8u241\331\hotspot\src\share\vm\prims\jni.cpp, line 736]
Event: 13.680 Thread 0x00000000020d8800 Exception <a 'java/net/SocketTimeoutException': Read timed out> (0x00000000d6e3c8c8) thrown at [C:\ade\jenkins\workspace\8-2-build-windows-amd64-cygwin\jdk8u241\331\hotspot\src\share\vm\prims\jni.cpp, line 736]

Events (10 events):
Event: 325.466 Executing VM operation: ChangeBreakpoints
Event: 325.468 Executing VM operation: ChangeBreakpoints done
Event: 327.580 Executing VM operation: ChangeBreakpoints
Event: 327.580 Executing VM operation: ChangeBreakpoints done
Event: 332.407 Executing VM operation: EnterInterpOnlyMode
Event: 332.407 Executing VM operation: EnterInterpOnlyMode done
Event: 332.408 Executing VM operation: GetCurrentLocation
Event: 332.408 Executing VM operation: GetCurrentLocation done
Event: 332.408 Executing VM operation: ChangeSingleStep
Event: 332.408 Executing VM operation: ChangeSingleStep done


Dynamic libraries:
0x000000013f950000 - 0x000000013f987000 	C:\Program Files\Java\jre1.8.0_241\bin\javaw.exe
0x0000000077360000 - 0x0000000077509000 	C:\Windows\SYSTEM32\ntdll.dll
0x0000000077140000 - 0x000000007725f000 	C:\Windows\system32\kernel32.dll
0x000007fefd550000 - 0x000007fefd5bb000 	C:\Windows\system32\KERNELBASE.dll
0x000007fefe730000 - 0x000007fefe80b000 	C:\Windows\system32\ADVAPI32.dll
0x000007fefec70000 - 0x000007fefed0f000 	C:\Windows\system32\msvcrt.dll
0x000007feff3a0000 - 0x000007feff3bf000 	C:\Windows\SYSTEM32\sechost.dll
0x000007feff270000 - 0x000007feff39d000 	C:\Windows\system32\RPCRT4.dll
0x0000000077260000 - 0x000000007735a000 	C:\Windows\system32\USER32.dll
0x000007feff090000 - 0x000007feff0f7000 	C:\Windows\system32\GDI32.dll
0x000007feff100000 - 0x000007feff10e000 	C:\Windows\system32\LPK.dll
0x000007fefed10000 - 0x000007fefedd9000 	C:\Windows\system32\USP10.dll
0x000007fefbd80000 - 0x000007fefbf74000 	C:\Windows\WinSxS\amd64_microsoft.windows.common-controls_6595b64144ccf1df_6.0.7601.17514_none_fa396087175ac9ac\COMCTL32.dll
0x000007feff540000 - 0x000007feff5b1000 	C:\Windows\system32\SHLWAPI.dll
0x000007feff5c0000 - 0x000007feff5ee000 	C:\Windows\system32\IMM32.DLL
0x000007feff110000 - 0x000007feff219000 	C:\Windows\system32\MSCTF.dll
0x00000000702d0000 - 0x00000000703a2000 	C:\Program Files\Java\jre1.8.0_241\bin\msvcr100.dll
0x0000000073e40000 - 0x00000000746ec000 	C:\Program Files\Java\jre1.8.0_241\bin\server\jvm.dll
0x000007fef98c0000 - 0x000007fef98c9000 	C:\Windows\system32\WSOCK32.dll
0x000007feff220000 - 0x000007feff26d000 	C:\Windows\system32\WS2_32.dll
0x000007fefe810000 - 0x000007fefe818000 	C:\Windows\system32\NSI.dll
0x000007fefae20000 - 0x000007fefae5b000 	C:\Windows\system32\WINMM.dll
0x000007fefc410000 - 0x000007fefc41c000 	C:\Windows\system32\VERSION.dll
0x0000000077520000 - 0x0000000077527000 	C:\Windows\system32\PSAPI.DLL
0x000007fee1410000 - 0x000007fee141f000 	C:\Program Files\Java\jre1.8.0_241\bin\verify.dll
0x000007fee13e0000 - 0x000007fee1409000 	C:\Program Files\Java\jre1.8.0_241\bin\java.dll
0x000007fefa990000 - 0x000007fefa9c5000 	C:\Program Files\Java\jre1.8.0_241\bin\jdwp.dll
0x000007fefbab0000 - 0x000007fefbab8000 	C:\Program Files\Java\jre1.8.0_241\bin\npt.dll
0x000007fefa9f0000 - 0x000007fefaa13000 	C:\Program Files\Java\jre1.8.0_241\bin\instrument.dll
0x000007fee1380000 - 0x000007fee1396000 	C:\Program Files\Java\jre1.8.0_241\bin\zip.dll
0x000007fefd900000 - 0x000007fefe688000 	C:\Windows\system32\SHELL32.dll
0x000007fefe820000 - 0x000007fefea23000 	C:\Windows\system32\ole32.dll
0x000007fefd2b0000 - 0x000007fefd2bf000 	C:\Windows\system32\profapi.dll
0x000007fefa980000 - 0x000007fefa989000 	C:\Program Files\Java\jre1.8.0_241\bin\dt_socket.dll
0x000007fefb2f0000 - 0x000007fefb305000 	C:\Windows\system32\NLAapi.dll
0x000007fee33b0000 - 0x000007fee33c5000 	C:\Windows\system32\napinsp.dll
0x000007fee3390000 - 0x000007fee33a9000 	C:\Windows\system32\pnrpnsp.dll
0x000007fefcae0000 - 0x000007fefcb35000 	C:\Windows\System32\mswsock.dll
0x000007fefc960000 - 0x000007fefc9bb000 	C:\Windows\system32\DNSAPI.dll
0x000007fee3380000 - 0x000007fee338b000 	C:\Windows\System32\winrnr.dll
0x000007fee3370000 - 0x000007fee3380000 	C:\Windows\system32\wshbth.dll
0x000007fefada0000 - 0x000007fefadc7000 	C:\Windows\system32\IPHLPAPI.DLL
0x000007fefad90000 - 0x000007fefad9b000 	C:\Windows\system32\WINNSI.DLL
0x000007fefac70000 - 0x000007fefacc3000 	C:\Windows\System32\fwpuclnt.dll
0x000007fee7da0000 - 0x000007fee7da8000 	C:\Windows\system32\rasadhlp.dll
0x000007fefc4e0000 - 0x000007fefc4e7000 	C:\Windows\System32\wshtcpip.dll
0x000007fee0d90000 - 0x000007fee0daa000 	C:\Program Files\Java\jre1.8.0_241\bin\net.dll
0x000007fefcad0000 - 0x000007fefcad7000 	C:\Windows\System32\wship6.dll
0x000007fedaa10000 - 0x000007fedaa34000 	C:\Program Files\Java\jre1.8.0_241\bin\sunec.dll
0x000007fed1000000 - 0x000007fed100b000 	C:\Program Files\Java\jre1.8.0_241\bin\sunmscapi.dll
0x000007fefd3a0000 - 0x000007fefd507000 	C:\Windows\system32\CRYPT32.dll
0x000007fefd350000 - 0x000007fefd35f000 	C:\Windows\system32\MSASN1.dll
0x000007fefac00000 - 0x000007fefac18000 	C:\Windows\system32\dhcpcsvc.DLL
0x000007fefabe0000 - 0x000007fefabf1000 	C:\Windows\system32\dhcpcsvc6.DLL
0x000007fee0d70000 - 0x000007fee0d82000 	C:\Program Files\Java\jre1.8.0_241\bin\nio.dll
0x000007fefcb40000 - 0x000007fefcb57000 	C:\Windows\system32\CRYPTSP.dll
0x000007fefc840000 - 0x000007fefc887000 	C:\Windows\system32\rsaenh.dll
0x000007fefc600000 - 0x000007fefc61e000 	C:\Windows\system32\USERENV.dll
0x000007fefd1e0000 - 0x000007fefd1ef000 	C:\Windows\system32\CRYPTBASE.dll
0x000007fefd180000 - 0x000007fefd1d7000 	C:\Windows\system32\apphelp.dll
0x000007fef2b30000 - 0x000007fef2c55000 	C:\Windows\system32\dbghelp.dll

VM Arguments:
jvm_args: -agentlib:jdwp=transport=dt_socket,suspend=y,address=localhost:51435 -javaagent:C:\Users\admin\eclipse\java-photon\eclipse\configuration\org.eclipse.osgi\237\0\.cp\lib\javaagent-shaded.jar -Dfile.encoding=Cp1252 
java_command: com.cts.selenium.AutomationPractice1
java_class_path (initial): C:\Program Files\Java\jre1.8.0_241\lib\resources.jar;C:\Program Files\Java\jre1.8.0_241\lib\rt.jar;C:\Program Files\Java\jre1.8.0_241\lib\jsse.jar;C:\Program Files\Java\jre1.8.0_241\lib\jce.jar;C:\Program Files\Java\jre1.8.0_241\lib\charsets.jar;C:\Program Files\Java\jre1.8.0_241\lib\jfr.jar;C:\Program Files\Java\jre1.8.0_241\lib\ext\access-bridge-64.jar;C:\Program Files\Java\jre1.8.0_241\lib\ext\cldrdata.jar;C:\Program Files\Java\jre1.8.0_241\lib\ext\dnsns.jar;C:\Program Files\Java\jre1.8.0_241\lib\ext\jaccess.jar;C:\Program Files\Java\jre1.8.0_241\lib\ext\jfxrt.jar;C:\Program Files\Java\jre1.8.0_241\lib\ext\localedata.jar;C:\Program Files\Java\jre1.8.0_241\lib\ext\nashorn.jar;C:\Program Files\Java\jre1.8.0_241\lib\ext\sunec.jar;C:\Program Files\Java\jre1.8.0_241\lib\ext\sunjce_provider.jar;C:\Program Files\Java\jre1.8.0_241\lib\ext\sunmscapi.jar;C:\Program Files\Java\jre1.8.0_241\lib\ext\sunpkcs11.jar;C:\Program Files\Java\jre1.8.0_241\lib\ext\zipfs.jar;C:\Users\admin\eclipse-workspace\Cognizant\bin;C:\Users\admin\Downloads\selenium-server-standalone-3.141.59.jar;C:\Users\admin\eclipse-workspace\Cognizant\Library\commons-io-2.6.jar;C:\Users\admin\eclipse\java-photon\eclipse\configuration\org.eclipse.osgi\237\0\.cp\lib\javaagent-shaded.jar
Launcher Type: SUN_STANDARD

Environment Variables:
JAVA_HOME=C:\Program Files\Java\jdk1.8.0_241
PATH=C:/Program Files/Java/jre1.8.0_241/bin/server;C:/Program Files/Java/jre1.8.0_241/bin;C:/Program Files/Java/jre1.8.0_241/lib/amd64;C:\Program Files (x86)\Common Files\Oracle\Java\javapath;C:\Windows\system32;C:\Windows;C:\Windows\System32\Wbem;C:\Windows\System32\WindowsPowerShell\v1.0\;C:\Program Files\Intel\IntelSGXPSW\bin\x64\Release\;C:\Program Files\Intel\IntelSGXPSW\bin\win32\Release\;C:\Program Files\Intel\WiFi\bin\;C:\Program Files\Common Files\Intel\WirelessCommon\;C:\Program Files (x86)\Intel\UCRT\;C:\Program Files\Intel\UCRT\;C:\Program Files (x86)\Intel\Intel(R) Management Engine Components\DAL;C:\Program Files\Intel\Intel(R) Management Engine Components\DAL;C:\Program Files\Intel\WiFi\bin\;C:\Program Files\Common Files\Intel\WirelessCommon\;C:\Users\admin\Desktop;
USERNAME=admin
OS=Windows_NT
PROCESSOR_IDENTIFIER=Intel64 Family 6 Model 78 Stepping 3, GenuineIntel



---------------  S Y S T E M  ---------------

OS: Windows 7 , 64 bit Build 7601 (6.1.7601.17514)

CPU:total 4 (initial active 4) (2 cores per cpu, 2 threads per core) family 6 model 78 stepping 3, cmov, cx8, fxsr, mmx, sse, sse2, sse3, ssse3, sse4.1, sse4.2, popcnt, avx, avx2, aes, clmul, erms, rtm, 3dnowpref, lzcnt, ht, tsc, tscinvbit, bmi1, bmi2, adx

Memory: 4k page, physical 8266336k(3880704k free), swap 16530828k(10400968k free)

vm_info: Java HotSpot(TM) 64-Bit Server VM (25.241-b07) for windows-amd64 JRE (1.8.0_241-b07), built on Dec 11 2019 10:21:40 by "rejava" with MS VC++ 10.0 (VS2010)

time: Tue Feb 25 18:16:22 2020
timezone: India Standard Time
elapsed time: 332 seconds (0d 0h 5m 32s)

